1/31/2024 5:48:40 PM : Starting Network Model Serivice...
1/31/2024 5:48:40 PM : The WCF service GenericDataAccess is ready.
1/31/2024 5:48:40 PM : Endpoints:
1/31/2024 5:48:40 PM : net.tcp://localhost:10000/NetworkModelService/GDA/
1/31/2024 5:48:40 PM : Connection string: ../NetworkModelData.data
1/31/2024 5:48:40 PM : Trace level: Info
1/31/2024 5:48:40 PM : The Network Model Service is started.
1/31/2024 5:48:40 PM : Press <Enter> to stop the service.
1/31/2024 5:48:59 PM : Applying  delta to network model.
1/31/2024 5:49:00 PM : Inserting entity with GID (0000000200000001).
1/31/2024 5:49:00 PM : Inserting entity with GID (0000000400000001).
1/31/2024 5:49:00 PM : Inserting entity with GID (0000000300000001).
1/31/2024 5:49:00 PM : Inserting entity with GID (0000000100000001).
1/31/2024 5:49:00 PM : Inserting entity with GID (0000000500000001).
1/31/2024 5:49:00 PM : Inserting entity with GID (0000000600000001).
1/31/2024 5:49:00 PM : Inserting entity with GID (0000000700000001).
1/31/2024 5:49:00 PM : Inserting entity with GID (0000000800000001).
1/31/2024 5:49:00 PM : Applying delta to network model successfully finished.
1/31/2024 6:39:58 PM : Starting Network Model Serivice...
1/31/2024 6:39:59 PM : Inserting entity with GID (0000000200000001).
1/31/2024 6:39:59 PM : Inserting entity with GID (0000000400000001).
1/31/2024 6:39:59 PM : Inserting entity with GID (0000000300000001).
1/31/2024 6:39:59 PM : Inserting entity with GID (0000000100000001).
1/31/2024 6:39:59 PM : Inserting entity with GID (0000000500000001).
1/31/2024 6:39:59 PM : Inserting entity with GID (0000000600000001).
1/31/2024 6:39:59 PM : Inserting entity with GID (0000000700000001).
1/31/2024 6:39:59 PM : Inserting entity with GID (0000000800000001).
1/31/2024 6:39:59 PM : The WCF service GenericDataAccess is ready.
1/31/2024 6:39:59 PM : Endpoints:
1/31/2024 6:39:59 PM : net.tcp://localhost:10000/NetworkModelService/GDA/
1/31/2024 6:39:59 PM : Connection string: ../NetworkModelData.data
1/31/2024 6:39:59 PM : Trace level: Info
1/31/2024 6:39:59 PM : The Network Model Service is started.
1/31/2024 6:39:59 PM : Press <Enter> to stop the service.
1/31/2024 6:44:09 PM : Starting Network Model Serivice...
1/31/2024 6:44:09 PM : Inserting entity with GID (0000000200000001).
1/31/2024 6:44:09 PM : Inserting entity with GID (0000000400000001).
1/31/2024 6:44:09 PM : Inserting entity with GID (0000000300000001).
1/31/2024 6:44:09 PM : Inserting entity with GID (0000000100000001).
1/31/2024 6:44:09 PM : Inserting entity with GID (0000000500000001).
1/31/2024 6:44:09 PM : Inserting entity with GID (0000000600000001).
1/31/2024 6:44:09 PM : Inserting entity with GID (0000000700000001).
1/31/2024 6:44:09 PM : Inserting entity with GID (0000000800000001).
1/31/2024 6:44:09 PM : The WCF service GenericDataAccess is ready.
1/31/2024 6:44:09 PM : Endpoints:
1/31/2024 6:44:09 PM : net.tcp://localhost:10000/NetworkModelService/GDA/
1/31/2024 6:44:09 PM : Connection string: ../NetworkModelData.data
1/31/2024 6:44:09 PM : Trace level: Info
1/31/2024 6:44:09 PM : The Network Model Service is started.
1/31/2024 6:44:09 PM : Press <Enter> to stop the service.
2/1/2024 3:15:58 PM : Starting Network Model Serivice...
2/1/2024 3:15:58 PM : Inserting entity with GID (0000000200000001).
2/1/2024 3:15:58 PM : Inserting entity with GID (0000000400000001).
2/1/2024 3:15:58 PM : Inserting entity with GID (0000000300000001).
2/1/2024 3:15:58 PM : Inserting entity with GID (0000000100000001).
2/1/2024 3:15:58 PM : Inserting entity with GID (0000000500000001).
2/1/2024 3:15:58 PM : Inserting entity with GID (0000000600000001).
2/1/2024 3:15:58 PM : Inserting entity with GID (0000000700000001).
2/1/2024 3:15:58 PM : Inserting entity with GID (0000000800000001).
2/1/2024 3:15:58 PM : The WCF service GenericDataAccess is ready.
2/1/2024 3:15:58 PM : Endpoints:
2/1/2024 3:15:58 PM : net.tcp://localhost:10000/NetworkModelService/GDA/
2/1/2024 3:15:58 PM : Connection string: ../NetworkModelData.data
2/1/2024 3:15:58 PM : Trace level: Info
2/1/2024 3:15:58 PM : The Network Model Service is started.
2/1/2024 3:15:58 PM : Press <Enter> to stop the service.
2/2/2024 5:41:56 PM : Starting Network Model Serivice...
2/2/2024 5:41:56 PM : Inserting entity with GID (0000000200000001).
2/2/2024 5:41:56 PM : Inserting entity with GID (0000000400000001).
2/2/2024 5:41:56 PM : Inserting entity with GID (0000000300000001).
2/2/2024 5:41:56 PM : Inserting entity with GID (0000000100000001).
2/2/2024 5:41:56 PM : Inserting entity with GID (0000000500000001).
2/2/2024 5:41:56 PM : Inserting entity with GID (0000000600000001).
2/2/2024 5:41:56 PM : Inserting entity with GID (0000000700000001).
2/2/2024 5:41:56 PM : Inserting entity with GID (0000000800000001).
2/2/2024 5:41:56 PM : The WCF service GenericDataAccess is ready.
2/2/2024 5:41:56 PM : Endpoints:
2/2/2024 5:41:56 PM : net.tcp://localhost:10000/NetworkModelService/GDA/
2/2/2024 5:41:56 PM : Connection string: ../NetworkModelData.data
2/2/2024 5:41:56 PM : Trace level: Info
2/2/2024 5:41:56 PM : The Network Model Service is started.
2/2/2024 5:41:56 PM : Press <Enter> to stop the service.
2/3/2024 11:05:04 AM : Starting Network Model Serivice...
2/3/2024 11:05:04 AM : Inserting entity with GID (0000000200000001).
2/3/2024 11:05:04 AM : Inserting entity with GID (0000000400000001).
2/3/2024 11:05:04 AM : Inserting entity with GID (0000000300000001).
2/3/2024 11:05:04 AM : Inserting entity with GID (0000000100000001).
2/3/2024 11:05:04 AM : Inserting entity with GID (0000000500000001).
2/3/2024 11:05:04 AM : Inserting entity with GID (0000000600000001).
2/3/2024 11:05:04 AM : Inserting entity with GID (0000000700000001).
2/3/2024 11:05:04 AM : Inserting entity with GID (0000000800000001).
2/3/2024 11:05:04 AM : The WCF service GenericDataAccess is ready.
2/3/2024 11:05:04 AM : Endpoints:
2/3/2024 11:05:04 AM : net.tcp://localhost:10000/NetworkModelService/GDA/
2/3/2024 11:05:04 AM : Connection string: ../NetworkModelData.data
2/3/2024 11:05:04 AM : Trace level: Info
2/3/2024 11:05:04 AM : The Network Model Service is started.
2/3/2024 11:05:04 AM : Press <Enter> to stop the service.
